[debug] > Exec(early(addDefaultCommands), None, None)
[debug] > Exec(addDefaultCommands, None, None)
[debug] > Exec(early(initialize), None, None)
[debug] > Exec(initialize, None, None)
[debug] > Exec(boot, None, None)
[debug] > Exec(writeSbtVersion, None, None)
[debug] > Exec(reload, None, None)
[debug] > Exec(sbtStashOnFailure, None, None)
[debug] > Exec(onFailure loadFailed, None, None)
[debug] > Exec(loadp, None, None)
[info] welcome to sbt 1.10.1 (Oracle Corporation Java 23.0.1)
[debug] Load.defaultLoad until apply took 225.4127ms
[debug]           Load.loadUnit: plugins took 98.9696ms
[debug]           Load.loadUnit: defsScala took 0.4644ms
[debug] [Loading] Scanning directory C:\Users\Andrés\Documents\UCM\Scala\Tarea\entregable\project
[debug]             Load.loadUnit: mkEval took 6.5826ms
[debug] [Loading] Found non-root projects 
[debug] [Loading] Done in C:\Users\Andrés\Documents\UCM\Scala\Tarea\entregable\project, returning: ()
[debug] deducing auto plugins based on known facts Set(Atom(sbt.plugins.CorePlugin)) and clauses Clauses(Clause(Atom(sbt.plugins.JvmPlugin),Set(Atom(sbt.plugins.IvyPlugin)))
[debug] Clause(Atom(sbt.ScriptedPlugin),Set(Atom(sbt.plugins.JvmPlugin)))
[debug] Clause(Atom(sbt.plugins.SbtPlugin),Set(Atom(sbt.ScriptedPlugin)))
[debug] Clause(Atom(sbt.plugins.SemanticdbPlugin),Set(Atom(sbt.plugins.JvmPlugin)))
[debug] Clause(Atom(sbt.plugins.JUnitXmlReportPlugin),Set(Atom(sbt.plugins.JvmPlugin)))
[debug] Clause(Atom(sbt.plugins.MiniDependencyTreePlugin),Set(Atom(sbt.plugins.JvmPlugin)))
[debug] Clause(Atom(sbt.plugins.CorePlugin),Set(Atom(sbt.plugins.IvyPlugin)))
[debug] Clause(Atom(sbt.plugins.IvyPlugin),Set(Atom(sbt.plugins.JvmPlugin)))
[debug] Clause(Atom(sbt.plugins.JvmPlugin),Set(Atom(sbt.plugins.SemanticdbPlugin)))
[debug] Clause(Atom(sbt.plugins.JvmPlugin),Set(Atom(sbt.plugins.JUnitXmlReportPlugin)))
[debug] Clause(Atom(sbt.plugins.CorePlugin),Set(Atom(sbt.plugins.Giter8TemplatePlugin)))
[debug] Clause(Atom(sbt.plugins.JvmPlugin),Set(Atom(sbt.plugins.MiniDependencyTreePlugin))))
[debug]   :: deduced result: Matched(sbt.plugins.CorePlugin,sbt.plugins.Giter8TemplatePlugin,sbt.plugins.IvyPlugin,sbt.plugins.JvmPlugin,sbt.plugins.MiniDependencyTreePlugin,sbt.plugins.JUnitXmlReportPlugin,sbt.plugins.SemanticdbPlugin)
[debug] Plugins.deducer#function took 22.8058 ms
[info] loading settings for project entregable-build from plugins.sbt ...
[debug]               Load.resolveProject(entregable-build) took 45.9051ms
[debug]             Load.loadTransitive: finalizeProject(Project(id entregable-build, base: C:\Users\Andrés\Documents\UCM\Scala\Tarea\entregable\project, plugins: List(<none>))) took 106.7464ms
[debug] [Loading] Done in C:\Users\Andrés\Documents\UCM\Scala\Tarea\entregable\project, returning: (entregable-build)
[debug]           Load.loadUnit: loadedProjectsRaw took 556.3833ms
[debug]           Load.loadUnit: cleanEvalClasses took 57.1075ms
[debug]         Load.loadUnit(file:/C:/Users/Andrés/Documents/UCM/Scala/Tarea/entregable/project/, ...) took 720.5537ms
[debug]       Load.apply: load took 885.8959ms
[debug]       Load.apply: resolveProjects took 8.3758ms
[debug]       Load.apply: finalTransforms took 119.6699ms
[debug]       Load.apply: config.delegates took 18.6353ms
[debug]       Load.apply: Def.make(settings)... took 630.6133ms
[debug]       Load.apply: structureIndex took 136.4598ms
[debug]       Load.apply: mkStreams took 4.359ms
[info] loading project definition from C:\Users\Andrés\Documents\UCM\Scala\Tarea\entregable\project
[debug] Running task... Cancel: Signal, check cycles: false, forcegc: true
